#
# A fatal error has been detected by the Java Runtime Environment:
#
#  SIGSEGV (0xb) at pc=0x00007fff94316097, pid=15608, tid=47111
#
# JRE version: Java(TM) SE Runtime Environment (7.0_45-b18) (build 1.7.0_45-b18)
# Java VM: Java HotSpot(TM) 64-Bit Server VM (24.45-b08 mixed mode bsd-amd64 compressed oops)
# Problematic frame:
# C  [libobjc.A.dylib+0x5097]  objc_msgSend+0x17
#
# Failed to write core dump. Core dumps have been disabled. To enable core dumping, try "ulimit -c unlimited" before starting Java again
#
# If you would like to submit a bug report, please visit:
#   http://bugreport.sun.com/bugreport/crash.jsp
# The crash happened outside the Java Virtual Machine in native code.
# See problematic frame for where to report the bug.
#

---------------  T H R E A D  ---------------

Current thread (0x00007ff09283e000):  JavaThread "Java2D Queue Flusher" daemon [_thread_in_native, id=47111, stack(0x000000011113e000,0x000000011123e000)]

siginfo:si_signo=SIGSEGV: si_errno=0, si_code=0 (SEGV0), si_addr=0x0000000000000000

Registers:
RAX=0x00007ff0918c8000, RBX=0x00007ff09283e1e8, RCX=0x00007ff0918c8048, RDX=0x00000000a1a1a1a1
RSP=0x000000011123d798, RBP=0x000000011123d7c0, RSI=0x00007fff918b8718, RDI=0x00007ff090d663c0
R8 =0x0000000000000040, R9 =0x000000011123d700, R10=0x00007fff918b8718, R11=0x1000000000000000
R12=0x00007ff0918c8040, R13=0x000000077b2ac4a0, R14=0x00007ff090db9340, R15=0x00007ff090d18700
RIP=0x00007fff94316097, EFLAGS=0x0000000000010246, ERR=0x0000000000000000
  TRAPNO=0x000000000000000d

Top of Stack: (sp=0x000000011123d798)
0x000000011123d798:   000000010d0d54dd 00007ff090d910a0
0x000000011123d7a8:   0000000000000000 00007ff092861010
0x000000011123d7b8:   00007ff09283e000 000000011123d840
0x000000011123d7c8:   000000010d0caf16 0000000000000064
0x000000011123d7d8:   00007ff09283e000 0000000000000bad
0x000000011123d7e8:   0000000000000bad 00007ff09283e000
0x000000011123d7f8:   000000000000be03 00007ff090e18400
0x000000011123d808:   00007ff092861020 000000000023d838
0x000000011123d818:   00007ff09283e1e8 000000077b2ac4a0
0x000000011123d828:   0000000000000000 000000011123d8f0
0x000000011123d838:   00007ff09283e000 000000011123d8b8
0x000000011123d848:   0000000103065698 000000011123d870
0x000000011123d858:   0000000000000064 00007ff0920d3e08
0x000000011123d868:   000000077ae02750 00007ff09283e000
0x000000011123d878:   000000011123d878 0000000000000000
0x000000011123d888:   000000011123d8f0 000000077b2adc78
0x000000011123d898:   0000000000000000 000000077b2ac4a0
0x000000011123d8a8:   0000000000000000 000000011123d8d8
0x000000011123d8b8:   000000011123d938 0000000103059058
0x000000011123d8c8:   0000000000000000 0000000103061cd8
0x000000011123d8d8:   0000000000000020 00007ff092861000
0x000000011123d8e8:   00000007d767a9c0 00000007d767a9a8
0x000000011123d8f8:   000000011123d8f8 000000077b2ac585
0x000000011123d908:   000000011123d950 000000077b2adc78
0x000000011123d918:   0000000000000000 000000077b2ac5a8
0x000000011123d928:   000000011123d8d8 000000011123d950
0x000000011123d938:   000000011123d998 0000000103059058
0x000000011123d948:   0000000000000020 00000007d767a9a8
0x000000011123d958:   000000011123d958 000000077b2ac739
0x000000011123d968:   000000011123d9a8 000000077b2adc78
0x000000011123d978:   0000000000000000 000000077b2ac748
0x000000011123d988:   000000011123d950 000000011123d9a8 

Instructions: (pc=0x00007fff94316097)
0x00007fff94316077:   90 90 90 90 90 90 90 90 90 48 85 ff 2e 74 72 40
0x00007fff94316087:   f6 c7 01 2e 0f 85 7e 00 00 00 4c 8b 1f 49 89 f2
0x00007fff94316097:   45 23 53 18 49 c1 e2 04 4d 03 53 10 49 3b 32 75
0x00007fff943160a7:   04 41 ff 62 08 49 83 3a 00 74 74 4d 3b 53 10 74 

Register to memory mapping:

RAX=0x00007ff0918c8000 is an unknown value
RBX=0x00007ff09283e1e8 is an unknown value
RCX=0x00007ff0918c8048 is an unknown value
RDX=0x00000000a1a1a1a1 is an unknown value
RSP=0x000000011123d798 is pointing into the stack for thread: 0x00007ff09283e000
RBP=0x000000011123d7c0 is pointing into the stack for thread: 0x00007ff09283e000
RSI=0x00007fff918b8718: NSAppKitVersionNumber+0x15108 in /System/Library/Frameworks/AppKit.framework/Versions/C/AppKit at 0x00007fff90e53000
RDI=0x00007ff090d663c0 is an unknown value
R8 =0x0000000000000040 is an unknown value
R9 =0x000000011123d700 is pointing into the stack for thread: 0x00007ff09283e000
R10=0x00007fff918b8718: NSAppKitVersionNumber+0x15108 in /System/Library/Frameworks/AppKit.framework/Versions/C/AppKit at 0x00007fff90e53000
R11=0x1000000000000000 is an unknown value
R12=0x00007ff0918c8040 is an unknown value
R13=0x000000077b2ac4a0 is an oop
{method} 
 - klass: {other class}
R14=0x00007ff090db9340 is an unknown value
R15=0x00007ff090d18700 is an unknown value


Stack: [0x000000011113e000,0x000000011123e000],  sp=0x000000011123d798,  free space=1021k
Native frames: (J=compiled Java code, j=interpreted, Vv=VM code, C=native code)
C  [libobjc.A.dylib+0x5097]  objc_msgSend+0x17
C  [liblwawt.dylib+0x7f16]  Java_sun_java2d_opengl_OGLRenderQueue_flushBuffer+0x63a
j  sun.java2d.opengl.OGLRenderQueue.flushBuffer(JI)V+0
j  sun.java2d.opengl.OGLRenderQueue.flushBuffer()V+21
j  sun.java2d.opengl.OGLRenderQueue.access$100(Lsun/java2d/opengl/OGLRenderQueue;)V+1
j  sun.java2d.opengl.OGLRenderQueue$QueueFlusher.run()V+81
v  ~StubRoutines::call_stub
V  [libjvm.dylib+0x2d6d90]
V  [libjvm.dylib+0x2d72a7]
V  [libjvm.dylib+0x2d73e4]
V  [libjvm.dylib+0x3263ca]
V  [libjvm.dylib+0x4efb47]
V  [libjvm.dylib+0x4f124f]
V  [libjvm.dylib+0x41b1c6]
C  [libsystem_pthread.dylib+0x1899]  _pthread_body+0x8a
C  [libsystem_pthread.dylib+0x172a]  _pthread_struct_init+0x0
C  [libsystem_pthread.dylib+0x5fc9]  thread_start+0xd

Java frames: (J=compiled Java code, j=interpreted, Vv=VM code)
j  sun.java2d.opengl.OGLRenderQueue.flushBuffer(JI)V+0
j  sun.java2d.opengl.OGLRenderQueue.flushBuffer()V+21
j  sun.java2d.opengl.OGLRenderQueue.access$100(Lsun/java2d/opengl/OGLRenderQueue;)V+1
j  sun.java2d.opengl.OGLRenderQueue$QueueFlusher.run()V+81
v  ~StubRoutines::call_stub

---------------  P R O C E S S  ---------------

Java Threads: ( => current thread )
  0x00007ff09107c800 JavaThread "DestroyJavaVM" [_thread_blocked, id=6403, stack(0x0000000101c78000,0x0000000101d78000)]
  0x00007ff091937800 JavaThread "AWT-EventQueue-0" [_thread_blocked, id=52487, stack(0x0000000113564000,0x0000000113664000)]
  0x00007ff09102e800 JavaThread "Java2D Disposer" daemon [_thread_blocked, id=48643, stack(0x0000000112061000,0x0000000112161000)]
=>0x00007ff09283e000 JavaThread "Java2D Queue Flusher" daemon [_thread_in_native, id=47111, stack(0x000000011113e000,0x000000011123e000)]
  0x00007ff0920ae800 JavaThread "AWT-Shutdown" [_thread_blocked, id=27915, stack(0x000000010ea88000,0x000000010eb88000)]
  0x00007ff092813000 JavaThread "AppKit Thread" daemon [_thread_blocked, id=1287, stack(0x00007fff5e01d000,0x00007fff5e09d000)]
  0x00007ff092057800 JavaThread "Service Thread" daemon [_thread_blocked, id=19203, stack(0x000000010cce1000,0x000000010cde1000)]
  0x00007ff092052800 JavaThread "C2 CompilerThread1" daemon [_thread_blocked, id=18691, stack(0x000000010cbde000,0x000000010ccde000)]
  0x00007ff091808000 JavaThread "C2 CompilerThread0" daemon [_thread_blocked, id=18179, stack(0x000000010cadb000,0x000000010cbdb000)]
  0x00007ff091026800 JavaThread "Signal Dispatcher" daemon [_thread_blocked, id=17667, stack(0x000000010c9d8000,0x000000010cad8000)]
  0x00007ff091013800 JavaThread "Finalizer" daemon [_thread_blocked, id=12547, stack(0x000000010c793000,0x000000010c893000)]
  0x00007ff091011000 JavaThread "Reference Handler" daemon [_thread_blocked, id=12035, stack(0x000000010c690000,0x000000010c790000)]

Other Threads:
  0x00007ff09204b000 VMThread [stack: 0x000000010c58d000,0x000000010c68d000] [id=11523]
  0x00007ff092060000 WatcherThread [stack: 0x000000010cde4000,0x000000010cee4000] [id=19715]

VM state:not at safepoint (normal execution)

VM Mutex/Monitor currently owned by a thread: None

Heap
 PSYoungGen      total 38912K, used 11339K [0x00000007d5500000, 0x00000007d8000000, 0x0000000800000000)
  eden space 33792K, 18% used [0x00000007d5500000,0x00000007d5b41348,0x00000007d7600000)
  from space 5120K, 96% used [0x00000007d7600000,0x00000007d7ad1c60,0x00000007d7b00000)
  to   space 5120K, 0% used [0x00000007d7b00000,0x00000007d7b00000,0x00000007d8000000)
 ParOldGen       total 87040K, used 24835K [0x0000000780000000, 0x0000000785500000, 0x00000007d5500000)
  object space 87040K, 28% used [0x0000000780000000,0x0000000781840c78,0x0000000785500000)
 PSPermGen       total 21504K, used 7571K [0x000000077ae00000, 0x000000077c300000, 0x0000000780000000)
  object space 21504K, 35% used [0x000000077ae00000,0x000000077b564da8,0x000000077c300000)

Card table byte_map: [0x0000000106113000,0x000000010653d000] byte_map_base: 0x000000010253c000

Polling page: 0x0000000101db7000

Code Cache  [0x0000000103053000, 0x00000001032c3000, 0x0000000106053000)
 total_blobs=380 nmethods=10 adapters=325 free_code_cache=48657Kb largest_free_block=49808896

Compilation events (10 events):
Event: 0.315 Thread 0x00007ff092052800    5             java.lang.String::equals (81 bytes)
Event: 0.319 Thread 0x00007ff092052800 nmethod 5 0x00000001030cc210 code [0x00000001030cc360, 0x00000001030cc5d8]
Event: 0.372 Thread 0x00007ff091808000    6             sun.java2d.loops.GraphicsPrimitive::getUniqueID (5 bytes)
Event: 0.372 Thread 0x00007ff091808000 nmethod 6 0x00000001030cf7d0 code [0x00000001030cf900, 0x00000001030cf958]
Event: 2.694 Thread 0x00007ff092052800    7             java.lang.Object::<init> (1 bytes)
Event: 2.694 Thread 0x00007ff092052800 nmethod 7 0x00000001030ccb90 code [0x00000001030cccc0, 0x00000001030ccd58]
Event: 2.887 Thread 0x00007ff091808000    8             java.util.Arrays::binarySearch0 (95 bytes)
Event: 2.889 Thread 0x00007ff091808000 nmethod 8 0x00000001030d0c50 code [0x00000001030d0da0, 0x00000001030d0f58]
Event: 317.944 Thread 0x00007ff092052800   10             java.util.concurrent.locks.AbstractOwnableSynchronizer::setExclusiveOwnerThread (6 bytes)
Event: 317.944 Thread 0x00007ff092052800 nmethod 10 0x00000001030d06d0 code [0x00000001030d0800, 0x00000001030d0878]

GC Heap History (6 events):
Event: 3.074 GC heap before
{Heap before GC invocations=1 (full 0):
 PSYoungGen      total 38912K, used 33289K [0x00000007d5500000, 0x00000007d8000000, 0x0000000800000000)
  eden space 33792K, 98% used [0x00000007d5500000,0x00000007d75824d0,0x00000007d7600000)
  from space 5120K, 0% used [0x00000007d7b00000,0x00000007d7b00000,0x00000007d8000000)
  to   space 5120K, 0% used [0x00000007d7600000,0x00000007d7600000,0x00000007d7b00000)
 ParOldGen       total 87040K, used 0K [0x0000000780000000, 0x0000000785500000, 0x00000007d5500000)
  object space 87040K, 0% used [0x0000000780000000,0x0000000780000000,0x0000000785500000)
 PSPermGen       total 21504K, used 7475K [0x000000077ae00000, 0x000000077c300000, 0x0000000780000000)
  object space 21504K, 34% used [0x000000077ae00000,0x000000077b54cd80,0x000000077c300000)
Event: 3.078 GC heap after
Heap after GC invocations=1 (full 0):
 PSYoungGen      total 38912K, used 4615K [0x00000007d5500000, 0x00000007d8000000, 0x0000000800000000)
  eden space 33792K, 0% used [0x00000007d5500000,0x00000007d5500000,0x00000007d7600000)
  from space 5120K, 90% used [0x00000007d7600000,0x00000007d7a81df0,0x00000007d7b00000)
  to   space 5120K, 0% used [0x00000007d7b00000,0x00000007d7b00000,0x00000007d8000000)
 ParOldGen       total 87040K, used 7278K [0x0000000780000000, 0x0000000785500000, 0x00000007d5500000)
  object space 87040K, 8% used [0x0000000780000000,0x000000078071bbc0,0x0000000785500000)
 PSPermGen       total 21504K, used 7475K [0x000000077ae00000, 0x000000077c300000, 0x0000000780000000)
  object space 21504K, 34% used [0x000000077ae00000,0x000000077b54cd80,0x000000077c300000)
}
Event: 3.235 GC heap before
{Heap before GC invocations=2 (full 0):
 PSYoungGen      total 38912K, used 35517K [0x00000007d5500000, 0x00000007d8000000, 0x0000000800000000)
  eden space 33792K, 91% used [0x00000007d5500000,0x00000007d732d6f0,0x00000007d7600000)
  from space 5120K, 90% used [0x00000007d7600000,0x00000007d7a81df0,0x00000007d7b00000)
  to   space 5120K, 0% used [0x00000007d7b00000,0x00000007d7b00000,0x00000007d8000000)
 ParOldGen       total 87040K, used 7278K [0x0000000780000000, 0x0000000785500000, 0x00000007d5500000)
  object space 87040K, 8% used [0x0000000780000000,0x000000078071bbc0,0x0000000785500000)
 PSPermGen       total 21504K, used 7479K [0x000000077ae00000, 0x000000077c300000, 0x0000000780000000)
  object space 21504K, 34% used [0x000000077ae00000,0x000000077b54ddb0,0x000000077c300000)
Event: 3.240 GC heap after
Heap after GC invocations=2 (full 0):
 PSYoungGen      total 38912K, used 5030K [0x00000007d5500000, 0x00000007da100000, 0x0000000800000000)
  eden space 33792K, 0% used [0x00000007d5500000,0x00000007d5500000,0x00000007d7600000)
  from space 5120K, 98% used [0x00000007d7b00000,0x00000007d7fe9980,0x00000007d8000000)
  to   space 5120K, 0% used [0x00000007d7600000,0x00000007d7600000,0x00000007d7b00000)
 ParOldGen       total 87040K, used 15451K [0x0000000780000000, 0x0000000785500000, 0x00000007d5500000)
  object space 87040K, 17% used [0x0000000780000000,0x0000000780f16ea0,0x0000000785500000)
 PSPermGen       total 21504K, used 7479K [0x000000077ae00000, 0x000000077c300000, 0x0000000780000000)
  object space 21504K, 34% used [0x000000077ae00000,0x000000077b54ddb0,0x000000077c300000)
}
Event: 355.841 GC heap before
{Heap before GC invocations=3 (full 0):
 PSYoungGen      total 38912K, used 37454K [0x00000007d5500000, 0x00000007da100000, 0x0000000800000000)
  eden space 33792K, 95% used [0x00000007d5500000,0x00000007d74a9e80,0x00000007d7600000)
  from space 5120K, 98% used [0x00000007d7b00000,0x00000007d7fe9980,0x00000007d8000000)
  to   space 5120K, 0% used [0x00000007d7600000,0x00000007d7600000,0x00000007d7b00000)
 ParOldGen       total 87040K, used 15451K [0x0000000780000000, 0x0000000785500000, 0x00000007d5500000)
  object space 87040K, 17% used [0x0000000780000000,0x0000000780f16ea0,0x0000000785500000)
 PSPermGen       total 21504K, used 7571K [0x000000077ae00000, 0x000000077c300000, 0x0000000780000000)
  object space 21504K, 35% used [0x000000077ae00000,0x000000077b564da8,0x000000077c300000)
Event: 355.858 GC heap after
Heap after GC invocations=3 (full 0):
 PSYoungGen      total 38912K, used 4935K [0x00000007d5500000, 0x00000007d8000000, 0x0000000800000000)
  eden space 33792K, 0% used [0x00000007d5500000,0x00000007d5500000,0x00000007d7600000)
  from space 5120K, 96% used [0x00000007d7600000,0x00000007d7ad1c60,0x00000007d7b00000)
  to   space 5120K, 0% used [0x00000007d7b00000,0x00000007d7b00000,0x00000007d8000000)
 ParOldGen       total 87040K, used 24835K [0x0000000780000000, 0x0000000785500000, 0x00000007d5500000)
  object space 87040K, 28% used [0x0000000780000000,0x0000000781840c78,0x0000000785500000)
 PSPermGen       total 21504K, used 7571K [0x000000077ae00000, 0x000000077c300000, 0x0000000780000000)
  object space 21504K, 35% used [0x000000077ae00000,0x000000077b564da8,0x000000077c300000)
}

Deoptimization events (0 events):
No events

Internal exceptions (10 events):
Event: 0.211 Thread 0x00007ff092000000 Threw 0x00000007d55e8e00 at /HUDSON/workspace/7u-2-build-macosx-x86_64/jdk7u45/229/hotspot/src/share/vm/prims/jvm.cpp:1244
Event: 0.211 Thread 0x00007ff092000000 Threw 0x00000007d55e9d38 at /HUDSON/workspace/7u-2-build-macosx-x86_64/jdk7u45/229/hotspot/src/share/vm/prims/jvm.cpp:1244
Event: 0.214 Thread 0x00007ff092000000 Threw 0x00000007d5600268 at /HUDSON/workspace/7u-2-build-macosx-x86_64/jdk7u45/229/hotspot/src/share/vm/prims/jvm.cpp:1244
Event: 0.214 Thread 0x00007ff092000000 Threw 0x00000007d5600490 at /HUDSON/workspace/7u-2-build-macosx-x86_64/jdk7u45/229/hotspot/src/share/vm/prims/jvm.cpp:1244
Event: 0.215 Thread 0x00007ff092000000 Threw 0x00000007d560bd30 at /HUDSON/workspace/7u-2-build-macosx-x86_64/jdk7u45/229/hotspot/src/share/vm/prims/jvm.cpp:1244
Event: 0.215 Thread 0x00007ff092000000 Threw 0x00000007d560bf58 at /HUDSON/workspace/7u-2-build-macosx-x86_64/jdk7u45/229/hotspot/src/share/vm/prims/jvm.cpp:1244
Event: 0.216 Thread 0x00007ff092000000 Threw 0x00000007d560f820 at /HUDSON/workspace/7u-2-build-macosx-x86_64/jdk7u45/229/hotspot/src/share/vm/prims/jvm.cpp:1244
Event: 0.216 Thread 0x00007ff092000000 Threw 0x00000007d5610770 at /HUDSON/workspace/7u-2-build-macosx-x86_64/jdk7u45/229/hotspot/src/share/vm/prims/jvm.cpp:1244
Event: 0.218 Thread 0x00007ff092000000 Threw 0x00000007d561c968 at /HUDSON/workspace/7u-2-build-macosx-x86_64/jdk7u45/229/hotspot/src/share/vm/prims/jvm.cpp:1244
Event: 0.218 Thread 0x00007ff092000000 Threw 0x00000007d561dbf8 at /HUDSON/workspace/7u-2-build-macosx-x86_64/jdk7u45/229/hotspot/src/share/vm/prims/jvm.cpp:1244

Events (10 events):
Event: 4.277 loading class 0x00007ff09183b230
Event: 4.277 loading class 0x00007ff09181b6f0
Event: 4.277 loading class 0x00007ff09181b6f0 done
Event: 4.277 loading class 0x00007ff09181b4a0
Event: 4.277 loading class 0x00007ff09181b4a0 done
Event: 4.277 loading class 0x00007ff09183b230 done
Event: 255.601 loading class 0x00007ff0918fd9f0
Event: 255.602 loading class 0x00007ff0918fd9f0 done
Event: 355.841 Executing VM operation: ParallelGCFailedAllocation
Event: 355.858 Executing VM operation: ParallelGCFailedAllocation done


Dynamic libraries:
0x000000000b9e0000 	/System/Library/Frameworks/Cocoa.framework/Versions/A/Cocoa
0x000000000b9e0000 	/System/Library/Frameworks/Security.framework/Versions/A/Security
0x000000000b9e0000 	/System/Library/Frameworks/ApplicationServices.framework/Versions/A/ApplicationServices
0x000000000b9e0000 	/usr/lib/libz.1.dylib
0x000000000b9e0000 	/usr/lib/libSystem.B.dylib
0x000000000b9e0000 	/usr/lib/libobjc.A.dylib
0x000000000b9e0000 	/System/Library/Frameworks/CoreFoundation.framework/Versions/A/CoreFoundation
0x000000000b9e0000 	/System/Library/Frameworks/Foundation.framework/Versions/C/Foundation
0x000000000b9e0000 	/System/Library/Frameworks/AppKit.framework/Versions/C/AppKit
0x000000000b9e0000 	/System/Library/Frameworks/CoreData.framework/Versions/A/CoreData
0x000000000b9e0000 	/System/Library/PrivateFrameworks/RemoteViewServices.framework/Versions/A/RemoteViewServices
0x000000000b9e0000 	/System/Library/Frameworks/AudioToolbox.framework/Versions/A/AudioToolbox
0x000000000b9e0000 	/System/Library/Frameworks/AudioUnit.framework/Versions/A/AudioUnit
0x000000000b9e0000 	/System/Library/PrivateFrameworks/DataDetectorsCore.framework/Versions/A/DataDetectorsCore
0x000000000b9e0000 	/System/Library/PrivateFrameworks/DesktopServicesPriv.framework/Versions/A/DesktopServicesPriv
0x000000000b9e0000 	/System/Library/Frameworks/Carbon.framework/Versions/A/Frameworks/HIToolbox.framework/Versions/A/HIToolbox
0x000000000b9e0000 	/System/Library/Frameworks/QuartzCore.framework/Versions/A/QuartzCore
0x000000000b9e0000 	/System/Library/Frameworks/Carbon.framework/Versions/A/Frameworks/SpeechRecognition.framework/Versions/A/SpeechRecognition
0x000000000b9e0000 	/usr/lib/libauto.dylib
0x000000000b9e0000 	/usr/lib/libicucore.A.dylib
0x000000000b9e0000 	/usr/lib/libxml2.2.dylib
0x000000000b9e0000 	/System/Library/PrivateFrameworks/CoreUI.framework/Versions/A/CoreUI
0x000000000b9e0000 	/System/Library/Frameworks/CoreAudio.framework/Versions/A/CoreAudio
0x000000000b9e0000 	/System/Library/Frameworks/DiskArbitration.framework/Versions/A/DiskArbitration
0x000000000b9e0000 	/usr/lib/liblangid.dylib
0x000000000b9e0000 	/System/Library/PrivateFrameworks/MultitouchSupport.framework/Versions/A/MultitouchSupport
0x000000000b9e0000 	/System/Library/Frameworks/IOKit.framework/Versions/A/IOKit
0x000000000b9e0000 	/usr/lib/libDiagnosticMessagesClient.dylib
0x000000000b9e0000 	/System/Library/Frameworks/CoreServices.framework/Versions/A/CoreServices
0x000000000b9e0000 	/System/Library/PrivateFrameworks/PerformanceAnalysis.framework/Versions/A/PerformanceAnalysis
0x000000000b9e0000 	/System/Library/PrivateFrameworks/GenerationalStorage.framework/Versions/A/GenerationalStorage
0x000000000b9e0000 	/System/Library/Frameworks/OpenGL.framework/Versions/A/OpenGL
0x000000000b9e0000 	/System/Library/PrivateFrameworks/Sharing.framework/Versions/A/Sharing
0x000000000b9e0000 	/System/Library/Frameworks/ImageIO.framework/Versions/A/ImageIO
0x000000000b9e0000 	/System/Library/Frameworks/CoreText.framework/Versions/A/CoreText
0x000000000b9e0000 	/System/Library/Frameworks/CoreGraphics.framework/Versions/A/CoreGraphics
0x000000000b9e0000 	/System/Library/PrivateFrameworks/Backup.framework/Versions/A/Backup
0x000000000b9e0000 	/System/Library/Frameworks/CFNetwork.framework/Versions/A/CFNetwork
0x000000000b9e0000 	/System/Library/Frameworks/SystemConfiguration.framework/Versions/A/SystemConfiguration
0x000000000b9e0000 	/usr/lib/libCRFSuite.dylib
0x000000000b9e0000 	/usr/lib/libc++.1.dylib
0x000000000b9e0000 	/usr/lib/libc++abi.dylib
0x000000000b9e0000 	/usr/lib/system/libcache.dylib
0x000000000b9e0000 	/usr/lib/system/libcommonCrypto.dylib
0x000000000b9e0000 	/usr/lib/system/libcompiler_rt.dylib
0x000000000b9e0000 	/usr/lib/system/libcopyfile.dylib
0x000000000b9e0000 	/usr/lib/system/libcorecrypto.dylib
0x000000000b9e0000 	/usr/lib/system/libdispatch.dylib
0x000000000b9e0000 	/usr/lib/system/libdyld.dylib
0x000000000b9e0000 	/usr/lib/system/libkeymgr.dylib
0x000000000b9e0000 	/usr/lib/system/liblaunch.dylib
0x000000000b9e0000 	/usr/lib/system/libmacho.dylib
0x000000000b9e0000 	/usr/lib/system/libquarantine.dylib
0x000000000b9e0000 	/usr/lib/system/libremovefile.dylib
0x000000000b9e0000 	/usr/lib/system/libsystem_asl.dylib
0x000000000b9e0000 	/usr/lib/system/libsystem_blocks.dylib
0x000000000b9e0000 	/usr/lib/system/libsystem_c.dylib
0x000000000b9e0000 	/usr/lib/system/libsystem_configuration.dylib
0x000000000b9e0000 	/usr/lib/system/libsystem_dnssd.dylib
0x000000000b9e0000 	/usr/lib/system/libsystem_info.dylib
0x000000000b9e0000 	/usr/lib/system/libsystem_kernel.dylib
0x000000000b9e0000 	/usr/lib/system/libsystem_m.dylib
0x000000000b9e0000 	/usr/lib/system/libsystem_malloc.dylib
0x000000000b9e0000 	/usr/lib/system/libsystem_network.dylib
0x000000000b9e0000 	/usr/lib/system/libsystem_notify.dylib
0x000000000b9e0000 	/usr/lib/system/libsystem_platform.dylib
0x000000000b9e0000 	/usr/lib/system/libsystem_pthread.dylib
0x000000000b9e0000 	/usr/lib/system/libsystem_sandbox.dylib
0x000000000b9e0000 	/usr/lib/system/libsystem_stats.dylib
0x000000000b9e0000 	/usr/lib/system/libunc.dylib
0x000000000b9e0000 	/usr/lib/system/libunwind.dylib
0x000000000b9e0000 	/usr/lib/system/libxpc.dylib
0x000000000b9e0000 	/usr/lib/libbsm.0.dylib
0x000000000b9e0000 	/usr/lib/libsqlite3.dylib
0x000000000b9e0000 	/usr/lib/libxar.1.dylib
0x000000000b9e0000 	/usr/lib/libpam.2.dylib
0x000000000b9e0000 	/usr/lib/libOpenScriptingUtil.dylib
0x000000000b9e0000 	/usr/lib/libbz2.1.0.dylib
0x000000000b9e0000 	/System/Library/Frameworks/CoreServices.framework/Versions/A/Frameworks/CarbonCore.framework/Versions/A/CarbonCore
0x000000000b9e0000 	/System/Library/Frameworks/CoreServices.framework/Versions/A/Frameworks/Metadata.framework/Versions/A/Metadata
0x000000000b9e0000 	/System/Library/Frameworks/CoreServices.framework/Versions/A/Frameworks/OSServices.framework/Versions/A/OSServices
0x000000000b9e0000 	/System/Library/Frameworks/CoreServices.framework/Versions/A/Frameworks/SearchKit.framework/Versions/A/SearchKit
0x000000000b9e0000 	/System/Library/Frameworks/CoreServices.framework/Versions/A/Frameworks/AE.framework/Versions/A/AE
0x000000000b9e0000 	/System/Library/Frameworks/CoreServices.framework/Versions/A/Frameworks/LaunchServices.framework/Versions/A/LaunchServices
0x000000000b9e0000 	/System/Library/Frameworks/CoreServices.framework/Versions/A/Frameworks/DictionaryServices.framework/Versions/A/DictionaryServices
0x000000000b9e0000 	/System/Library/Frameworks/NetFS.framework/Versions/A/NetFS
0x000000000b9e0000 	/usr/lib/system/libkxld.dylib
0x000000000b9e0000 	/System/Library/PrivateFrameworks/NetAuth.framework/Versions/A/NetAuth
0x000000000b9e0000 	/System/Library/PrivateFrameworks/TCC.framework/Versions/A/TCC
0x000000000b9e0000 	/System/Library/Frameworks/OpenDirectory.framework/Versions/A/Frameworks/CFOpenDirectory.framework/Versions/A/CFOpenDirectory
0x000000000b9e0000 	/System/Library/Frameworks/ServiceManagement.framework/Versions/A/ServiceManagement
0x000000000b9e0000 	/usr/lib/libxslt.1.dylib
0x000000000b9e0000 	/System/Library/Frameworks/Carbon.framework/Versions/A/Frameworks/Ink.framework/Versions/A/Ink
0x000000000b9e0000 	/System/Library/Frameworks/ApplicationServices.framework/Versions/A/Frameworks/ATS.framework/Versions/A/ATS
0x000000000b9e0000 	/System/Library/Frameworks/ApplicationServices.framework/Versions/A/Frameworks/ColorSync.framework/Versions/A/ColorSync
0x000000000b9e0000 	/System/Library/Frameworks/ApplicationServices.framework/Versions/A/Frameworks/HIServices.framework/Versions/A/HIServices
0x000000000b9e0000 	/System/Library/Frameworks/ApplicationServices.framework/Versions/A/Frameworks/LangAnalysis.framework/Versions/A/LangAnalysis
0x000000000b9e0000 	/System/Library/Frameworks/ApplicationServices.framework/Versions/A/Frameworks/PrintCore.framework/Versions/A/PrintCore
0x000000000b9e0000 	/System/Library/Frameworks/ApplicationServices.framework/Versions/A/Frameworks/QD.framework/Versions/A/QD
0x000000000b9e0000 	/System/Library/Frameworks/ApplicationServices.framework/Versions/A/Frameworks/SpeechSynthesis.framework/Versions/A/SpeechSynthesis
0x000000000b9e0000 	/System/Library/Frameworks/IOSurface.framework/Versions/A/IOSurface
0x000000000b9e0000 	/System/Library/Frameworks/Accelerate.framework/Versions/A/Accelerate
0x000000000b9e0000 	/System/Library/Frameworks/Accelerate.framework/Versions/A/Frameworks/vImage.framework/Versions/A/vImage
0x000000000b9e0000 	/System/Library/Frameworks/Accelerate.framework/Versions/A/Frameworks/vecLib.framework/Versions/A/vecLib
0x000000000b9e0000 	/System/Library/Frameworks/Accelerate.framework/Versions/A/Frameworks/vecLib.framework/Versions/A/libvDSP.dylib
0x000000000b9e0000 	/System/Library/Frameworks/Accelerate.framework/Versions/A/Frameworks/vecLib.framework/Versions/A/libvMisc.dylib
0x000000000b9e0000 	/System/Library/Frameworks/Accelerate.framework/Versions/A/Frameworks/vecLib.framework/Versions/A/libLAPACK.dylib
0x000000000b9e0000 	/System/Library/Frameworks/Accelerate.framework/Versions/A/Frameworks/vecLib.framework/Versions/A/libBLAS.dylib
0x000000000b9e0000 	/System/Library/Frameworks/ApplicationServices.framework/Versions/A/Frameworks/ATS.framework/Versions/A/Resources/libFontParser.dylib
0x000000000b9e0000 	/System/Library/Frameworks/ApplicationServices.framework/Versions/A/Frameworks/ATS.framework/Versions/A/Resources/libFontRegistry.dylib
0x000000000b9e0000 	/System/Library/Frameworks/ImageIO.framework/Versions/A/Resources/libJPEG.dylib
0x000000000b9e0000 	/System/Library/Frameworks/ImageIO.framework/Versions/A/Resources/libTIFF.dylib
0x000000000b9e0000 	/System/Library/Frameworks/ImageIO.framework/Versions/A/Resources/libPng.dylib
0x000000000b9e0000 	/System/Library/Frameworks/ImageIO.framework/Versions/A/Resources/libGIF.dylib
0x000000000b9e0000 	/System/Library/Frameworks/ImageIO.framework/Versions/A/Resources/libJP2.dylib
0x000000000b9e0000 	/System/Library/Frameworks/ImageIO.framework/Versions/A/Resources/libRadiance.dylib
0x000000000b9e0000 	/usr/lib/libcups.2.dylib
0x000000000b9e0000 	/System/Library/Frameworks/Kerberos.framework/Versions/A/Kerberos
0x000000000b9e0000 	/System/Library/Frameworks/GSS.framework/Versions/A/GSS
0x000000000b9e0000 	/usr/lib/libresolv.9.dylib
0x000000000b9e0000 	/usr/lib/libiconv.2.dylib
0x000000000b9e0000 	/System/Library/PrivateFrameworks/Heimdal.framework/Versions/A/Heimdal
0x000000000b9e0000 	/System/Library/PrivateFrameworks/TrustEvaluationAgent.framework/Versions/A/TrustEvaluationAgent
0x000000000b9e0000 	/usr/lib/libheimdal-asn1.dylib
0x000000000b9e0000 	/System/Library/Frameworks/OpenDirectory.framework/Versions/A/OpenDirectory
0x000000000b9e0000 	/System/Library/PrivateFrameworks/CommonAuth.framework/Versions/A/CommonAuth
0x000000000b9e0000 	/System/Library/Frameworks/SecurityFoundation.framework/Versions/A/SecurityFoundation
0x000000000b9e0000 	/System/Library/PrivateFrameworks/Bom.framework/Versions/A/Bom
0x000000000b9e0000 	/System/Library/Frameworks/CoreVideo.framework/Versions/A/CoreVideo
0x000000000b9e0000 	/System/Library/Frameworks/QuartzCore.framework/Versions/A/Frameworks/CoreImage.framework/Versions/A/CoreImage
0x000000000b9e0000 	/System/Library/Frameworks/QuartzCore.framework/Versions/A/Frameworks/ScalableUserInterface.framework/Versions/A/ScalableUserInterface
0x000000000b9e0000 	/System/Library/Frameworks/OpenGL.framework/Versions/A/Libraries/libGLU.dylib
0x000000000b9e0000 	/System/Library/Frameworks/OpenGL.framework/Versions/A/Libraries/libGFXShared.dylib
0x000000000b9e0000 	/System/Library/Frameworks/OpenGL.framework/Versions/A/Libraries/libGL.dylib
0x000000000b9e0000 	/System/Library/Frameworks/OpenGL.framework/Versions/A/Libraries/libGLImage.dylib
0x000000000b9e0000 	/System/Library/Frameworks/OpenGL.framework/Versions/A/Libraries/libCVMSPluginSupport.dylib
0x000000000b9e0000 	/System/Library/Frameworks/OpenGL.framework/Versions/A/Libraries/libCoreVMClient.dylib
0x000000000b9e0000 	/System/Library/PrivateFrameworks/FaceCore.framework/Versions/A/FaceCore
0x000000000b9e0000 	/System/Library/PrivateFrameworks/CrashReporterSupport.framework/Versions/A/CrashReporterSupport
0x000000000b9e0000 	/System/Library/Frameworks/OpenCL.framework/Versions/A/OpenCL
0x000000000b9e0000 	/System/Library/PrivateFrameworks/AppleFSCompression.framework/Versions/A/AppleFSCompression
0x000000000b9e0000 	/System/Library/PrivateFrameworks/Ubiquity.framework/Versions/A/Ubiquity
0x000000000b9e0000 	/System/Library/PrivateFrameworks/IconServices.framework/Versions/A/IconServices
0x000000000b9e0000 	/System/Library/PrivateFrameworks/ChunkingLibrary.framework/Versions/A/ChunkingLibrary
0x000000000b9e0000 	/System/Library/PrivateFrameworks/CoreSymbolication.framework/Versions/A/CoreSymbolication
0x000000000b9e0000 	/System/Library/PrivateFrameworks/Symbolication.framework/Versions/A/Symbolication
0x000000000b9e0000 	/System/Library/PrivateFrameworks/DebugSymbols.framework/Versions/A/DebugSymbols
0x0000000102600000 	/Library/Java/JavaVirtualMachines/jdk1.7.0_45.jdk/Contents/Home/jre/lib/server/libjvm.dylib
0x000000000b9e0000 	/usr/lib/libstdc++.6.dylib
0x0000000101d7a000 	/Library/Java/JavaVirtualMachines/jdk1.7.0_45.jdk/Contents/Home/jre/lib/libverify.dylib
0x0000000101d87000 	/Library/Java/JavaVirtualMachines/jdk1.7.0_45.jdk/Contents/Home/jre/lib/libjava.dylib
0x0000000101dc1000 	/Library/Java/JavaVirtualMachines/jdk1.7.0_45.jdk/Contents/Home/jre/lib/libzip.dylib
0x000000010c895000 	/System/Library/Frameworks/JavaVM.framework/Frameworks/JavaRuntimeSupport.framework/JavaRuntimeSupport
0x000000010c8ad000 	/System/Library/Frameworks/JavaVM.framework/Versions/A/Frameworks/JavaNativeFoundation.framework/Versions/A/JavaNativeFoundation
0x000000010c8c2000 	/System/Library/Frameworks/JavaVM.framework/Versions/A/JavaVM
0x000000000b9e0000 	/System/Library/Frameworks/Carbon.framework/Versions/A/Carbon
0x0000000101df4000 	/System/Library/PrivateFrameworks/JavaLaunching.framework/Versions/A/JavaLaunching
0x000000000b9e0000 	/System/Library/Frameworks/Carbon.framework/Versions/A/Frameworks/CommonPanels.framework/Versions/A/CommonPanels
0x000000000b9e0000 	/System/Library/Frameworks/Carbon.framework/Versions/A/Frameworks/Help.framework/Versions/A/Help
0x000000000b9e0000 	/System/Library/Frameworks/Carbon.framework/Versions/A/Frameworks/ImageCapture.framework/Versions/A/ImageCapture
0x000000000b9e0000 	/System/Library/Frameworks/Carbon.framework/Versions/A/Frameworks/OpenScripting.framework/Versions/A/OpenScripting
0x000000000b9e0000 	/System/Library/Frameworks/Carbon.framework/Versions/A/Frameworks/Print.framework/Versions/A/Print
0x000000000b9e0000 	/System/Library/Frameworks/Carbon.framework/Versions/A/Frameworks/SecurityHI.framework/Versions/A/SecurityHI
0x000000010cf48000 	/Library/Java/JavaVirtualMachines/jdk1.7.0_45.jdk/Contents/Home/jre/lib/libawt.dylib
0x000000010cff7000 	/Library/Java/JavaVirtualMachines/jdk1.7.0_45.jdk/Contents/Home/jre/lib/./libmlib_image.dylib
0x000000010d0c3000 	/Library/Java/JavaVirtualMachines/jdk1.7.0_45.jdk/Contents/Home/jre/lib/lwawt/liblwawt.dylib
0x000000010d177000 	/Library/Java/JavaVirtualMachines/jdk1.7.0_45.jdk/Contents/Home/jre/lib/libosxapp.dylib
0x000000000b9e0000 	/System/Library/Frameworks/ExceptionHandling.framework/Versions/A/ExceptionHandling
0x000000000b9e0000 	/System/Library/PrivateFrameworks/CoreServicesInternal.framework/Versions/A/CoreServicesInternal
0x000000000b9e0000 	/System/Library/PrivateFrameworks/Librarian.framework/Versions/A/Librarian
0x000000000b9e0000 	/System/Library/Frameworks/CoreGraphics.framework/Versions/A/Resources/libCGCMS.A.dylib
0x000000000b9e0000 	/System/Library/Frameworks/CoreGraphics.framework/Versions/A/Resources/libRIP.A.dylib
0x000000000b9e0000 	/System/Library/Frameworks/CoreGraphics.framework/Versions/A/Resources/libCGXType.A.dylib
0x000000000b9e0000 	/System/Library/PrivateFrameworks/FamilyControls.framework/Versions/A/FamilyControls
0x000000000b9e0000 	/System/Library/PrivateFrameworks/CommerceKit.framework/Versions/A/Frameworks/CommerceCore.framework/Versions/A/CommerceCore
0x000000000b9e0000 	/System/Library/PrivateFrameworks/SystemAdministration.framework/Versions/A/SystemAdministration
0x000000000b9e0000 	/System/Library/Frameworks/DirectoryService.framework/Versions/A/DirectoryService
0x000000000b9e0000 	/System/Library/PrivateFrameworks/DiskImages.framework/Versions/A/DiskImages
0x000000000b9e0000 	/System/Library/PrivateFrameworks/LoginUIKit.framework/Versions/A/Frameworks/LoginUICore.framework/Versions/A/LoginUICore
0x000000000b9e0000 	/usr/lib/libCoreStorage.dylib
0x000000000b9e0000 	/usr/lib/libcsfde.dylib
0x000000000b9e0000 	/usr/lib/libodfde.dylib
0x000000000b9e0000 	/System/Library/Frameworks/DiscRecording.framework/Versions/A/DiscRecording
0x000000000b9e0000 	/usr/lib/libcurl.4.dylib
0x000000000b9e0000 	/System/Library/PrivateFrameworks/MediaKit.framework/Versions/A/MediaKit
0x000000000b9e0000 	/System/Library/PrivateFrameworks/EFILogin.framework/Versions/A/EFILogin
0x000000000b9e0000 	/usr/lib/libutil.dylib
0x000000000b9e0000 	/System/Library/PrivateFrameworks/AOSNotification.framework/Versions/A/AOSNotification
0x000000000b9e0000 	/System/Library/Frameworks/LDAP.framework/Versions/A/LDAP
0x000000000b9e0000 	/usr/lib/libsasl2.2.dylib
0x000000000b9e0000 	/usr/lib/libcrypto.0.9.8.dylib
0x000000000b9e0000 	/usr/lib/libssl.0.9.8.dylib
0x000000010e8fd000 	/Library/Java/JavaVirtualMachines/jdk1.7.0_45.jdk/Contents/Home/jre/lib/libfontmanager.dylib
0x000000010e961000 	/Library/Java/JavaVirtualMachines/jdk1.7.0_45.jdk/Contents/Home/jre/lib/libosxui.dylib
0x000000000b9e0000 	/System/Library/Frameworks/OpenGL.framework/Versions/A/Resources/GLEngine.bundle/GLEngine
0x000000000b9e0000 	/System/Library/Frameworks/OpenGL.framework/Versions/A/Libraries/libGLProgrammability.dylib
0x0000000000000000 	/System/Library/Extensions/GeForceGLDriver.bundle/Contents/MacOS/GeForceGLDriver
0x000000000b9e0000 	/System/Library/PrivateFrameworks/IOAccelerator.framework/Versions/A/IOAccelerator
0x000000000b9e0000 	/System/Library/PrivateFrameworks/GPUSupport.framework/Versions/A/Libraries/libGPUSupportMercury.dylib
0x000000000b9e0000 	/System/Library/Extensions/GeForceGLDriver.bundle/Contents/MacOS/libclh.dylib
0x000000000b9e0000 	/System/Library/Frameworks/OpenGL.framework/Versions/A/Resources/GLRendererFloat.bundle/GLRendererFloat
0x000000000b9e0000 	/System/Library/Frameworks/OpenCL.framework/Versions/A/Libraries/libcldcpuengine.dylib

VM Arguments:
jvm_args: -Dfile.encoding=UTF-8 
java_command: sherlin.AutomatedPhoneSystem
Launcher Type: SUN_STANDARD

Environment Variables:
PATH=/usr/bin:/bin:/usr/sbin:/sbin
SHELL=/bin/bash

Signal Handlers:
SIGSEGV: [libjvm.dylib+0x525415], sa_mask[0]=0xfffefeff, sa_flags=0x00000043
SIGBUS: [libjvm.dylib+0x525415], sa_mask[0]=0xfffefeff, sa_flags=0x00000042
SIGFPE: [libjvm.dylib+0x41891a], sa_mask[0]=0xfffefeff, sa_flags=0x00000042
SIGPIPE: [libjvm.dylib+0x41891a], sa_mask[0]=0xfffefeff, sa_flags=0x00000042
SIGXFSZ: [libjvm.dylib+0x41891a], sa_mask[0]=0xfffefeff, sa_flags=0x00000042
SIGILL: [libjvm.dylib+0x41891a], sa_mask[0]=0xfffefeff, sa_flags=0x00000042
SIGUSR1: SIG_DFL, sa_mask[0]=0x00000000, sa_flags=0x00000002
SIGUSR2: [libjvm.dylib+0x41840c], sa_mask[0]=0x00000004, sa_flags=0x00000042
SIGHUP: [libjvm.dylib+0x41669b], sa_mask[0]=0xfffefeff, sa_flags=0x00000042
SIGINT: [libjvm.dylib+0x41669b], sa_mask[0]=0xfffefeff, sa_flags=0x00000042
SIGTERM: [libjvm.dylib+0x41669b], sa_mask[0]=0xfffefeff, sa_flags=0x00000042
SIGQUIT: [libjvm.dylib+0x41669b], sa_mask[0]=0xfffefeff, sa_flags=0x00000042


---------------  S Y S T E M  ---------------

OS:Bsduname:Darwin 13.2.0 Darwin Kernel Version 13.2.0: Thu Apr 17 23:03:13 PDT 2014; root:xnu-2422.100.13~1/RELEASE_X86_64 x86_64
rlimit: STACK 8192k, CORE 0k, NPROC 709, NOFILE 10240, AS infinity
load average:2.34 2.20 2.43

CPU:total 4 (4 cores per cpu, 1 threads per core) family 6 model 58 stepping 9, cmov, cx8, fxsr, mmx, sse, sse2, sse3, ssse3, sse4.1, sse4.2, popcnt, avx, aes, erms, tsc, tscinvbit, tscinv

Memory: 4k page, physical 8388608k(2097152k free)

/proc/meminfo:


vm_info: Java HotSpot(TM) 64-Bit Server VM (24.45-b08) for bsd-amd64 JRE (1.7.0_45-b18), built on Oct  8 2013 05:54:16 by "java_re" with gcc 4.2.1 (Based on Apple Inc. build 5658) (LLVM build 2336.11.00)

time: Mon Aug  4 18:07:10 2014
elapsed time: 355 seconds

